Files already downloaded and verified
Files already downloaded and verified
Files already downloaded and verified
=> loading checkpoint 'model_best.pth.tar'
=> loaded checkpoint 'model_best.pth.tar' (epoch 56)
Training start...
Train Epoch: 56 [0/49000 (0%)]	Train Loss: 0.657269	Val Loss: 0.627341	Val Acc: 79
Train Epoch: 56 [1280/49000 (3%)]	Train Loss: 0.352987	Val Loss: 0.644983	Val Acc: 80
Train Epoch: 56 [2560/49000 (5%)]	Train Loss: 0.375873	Val Loss: 0.633662	Val Acc: 80
Train Epoch: 56 [3840/49000 (8%)]	Train Loss: 0.346681	Val Loss: 0.626911	Val Acc: 80
Train Epoch: 56 [5120/49000 (10%)]	Train Loss: 0.210667	Val Loss: 0.619481	Val Acc: 80
Train Epoch: 56 [6400/49000 (13%)]	Train Loss: 0.280401	Val Loss: 0.668950	Val Acc: 81
Train Epoch: 56 [7680/49000 (16%)]	Train Loss: 0.337231	Val Loss: 0.691432	Val Acc: 78
Train Epoch: 56 [8960/49000 (18%)]	Train Loss: 0.317050	Val Loss: 0.766812	Val Acc: 78
Train Epoch: 56 [10240/49000 (21%)]	Train Loss: 0.365233	Val Loss: 0.578281	Val Acc: 82
Train Epoch: 56 [11520/49000 (23%)]	Train Loss: 0.328938	Val Loss: 0.671448	Val Acc: 79
Train Epoch: 56 [12800/49000 (26%)]	Train Loss: 0.270966	Val Loss: 0.665859	Val Acc: 78
Train Epoch: 56 [14080/49000 (29%)]	Train Loss: 0.472665	Val Loss: 0.762952	Val Acc: 77
Train Epoch: 56 [15360/49000 (31%)]	Train Loss: 1.968172	Val Loss: 1.282745	Val Acc: 58
Train Epoch: 56 [16640/49000 (34%)]	Train Loss: 0.820313	Val Loss: 0.900247	Val Acc: 70
Train Epoch: 56 [17920/49000 (37%)]	Train Loss: 0.686285	Val Loss: 0.844633	Val Acc: 72
Train Epoch: 56 [19200/49000 (39%)]	Train Loss: 0.514596	Val Loss: 0.675345	Val Acc: 79
Train Epoch: 56 [20480/49000 (42%)]	Train Loss: 0.497322	Val Loss: 0.726253	Val Acc: 76
Train Epoch: 56 [21760/49000 (44%)]	Train Loss: 0.320522	Val Loss: 0.649383	Val Acc: 79
Train Epoch: 56 [23040/49000 (47%)]	Train Loss: 0.466284	Val Loss: 0.662251	Val Acc: 79
Train Epoch: 56 [24320/49000 (50%)]	Train Loss: 0.385464	Val Loss: 0.612866	Val Acc: 81
Train Epoch: 56 [25600/49000 (52%)]	Train Loss: 0.263753	Val Loss: 0.689341	Val Acc: 79
Train Epoch: 56 [26880/49000 (55%)]	Train Loss: 0.531117	Val Loss: 0.677164	Val Acc: 79
Train Epoch: 56 [28160/49000 (57%)]	Train Loss: 0.253107	Val Loss: 0.742294	Val Acc: 79
Train Epoch: 56 [29440/49000 (60%)]	Train Loss: 0.389333	Val Loss: 0.643265	Val Acc: 80
Train Epoch: 56 [30720/49000 (63%)]	Train Loss: 0.328833	Val Loss: 0.563886	Val Acc: 82
Train Epoch: 56 [32000/49000 (65%)]	Train Loss: 0.220543	Val Loss: 0.571438	Val Acc: 80
Train Epoch: 56 [33280/49000 (68%)]	Train Loss: 0.411082	Val Loss: 0.690160	Val Acc: 79
Train Epoch: 56 [34560/49000 (70%)]	Train Loss: 0.403486	Val Loss: 0.732817	Val Acc: 76
Train Epoch: 56 [35840/49000 (73%)]	Train Loss: 0.530702	Val Loss: 0.653598	Val Acc: 77
Train Epoch: 56 [37120/49000 (76%)]	Train Loss: 0.295299	Val Loss: 0.555420	Val Acc: 82
Train Epoch: 56 [38400/49000 (78%)]	Train Loss: 0.300999	Val Loss: 0.647249	Val Acc: 82
Train Epoch: 56 [39680/49000 (81%)]	Train Loss: 0.337911	Val Loss: 0.609627	Val Acc: 83
Train Epoch: 56 [40960/49000 (84%)]	Train Loss: 0.280436	Val Loss: 0.663834	Val Acc: 81
Train Epoch: 56 [42240/49000 (86%)]	Train Loss: 0.321995	Val Loss: 0.721052	Val Acc: 79
Train Epoch: 56 [43520/49000 (89%)]	Train Loss: 0.220874	Val Loss: 0.594135	Val Acc: 80
Train Epoch: 56 [44800/49000 (91%)]	Train Loss: 0.424072	Val Loss: 0.667727	Val Acc: 81
Train Epoch: 56 [46080/49000 (94%)]	Train Loss: 0.332867	Val Loss: 0.644532	Val Acc: 80
Train Epoch: 56 [47360/49000 (97%)]	Train Loss: 0.268303	Val Loss: 0.657856	Val Acc: 79
Train Epoch: 56 [48640/49000 (99%)]	Train Loss: 0.286880	Val Loss: 0.635313	Val Acc: 81
model saved, accuracy is 80.000000
Train Epoch: 57 [0/49000 (0%)]	Train Loss: 1.233942	Val Loss: 0.643443	Val Acc: 80
Train Epoch: 57 [1280/49000 (3%)]	Train Loss: 0.364465	Val Loss: 0.680323	Val Acc: 79
Train Epoch: 57 [2560/49000 (5%)]	Train Loss: 0.268136	Val Loss: 0.819725	Val Acc: 77
Train Epoch: 57 [3840/49000 (8%)]	Train Loss: 0.392836	Val Loss: 0.680430	Val Acc: 78
Train Epoch: 57 [5120/49000 (10%)]	Train Loss: 0.323187	Val Loss: 0.696563	Val Acc: 79
Train Epoch: 57 [6400/49000 (13%)]	Train Loss: 0.208718	Val Loss: 0.739128	Val Acc: 79
Train Epoch: 57 [7680/49000 (16%)]	Train Loss: 0.168359	Val Loss: 0.673448	Val Acc: 81
Train Epoch: 57 [8960/49000 (18%)]	Train Loss: 0.430718	Val Loss: 0.713093	Val Acc: 80
Train Epoch: 57 [10240/49000 (21%)]	Train Loss: 0.310915	Val Loss: 0.685179	Val Acc: 80
Train Epoch: 57 [11520/49000 (23%)]	Train Loss: 0.247572	Val Loss: 0.660960	Val Acc: 79
Train Epoch: 57 [12800/49000 (26%)]	Train Loss: 0.344163	Val Loss: 1.012336	Val Acc: 77
Train Epoch: 57 [14080/49000 (29%)]	Train Loss: 0.408061	Val Loss: 0.704559	Val Acc: 80
Train Epoch: 57 [15360/49000 (31%)]	Train Loss: 0.441281	Val Loss: 0.645069	Val Acc: 83
Train Epoch: 57 [16640/49000 (34%)]	Train Loss: 0.302203	Val Loss: 0.696392	Val Acc: 78
Train Epoch: 57 [17920/49000 (37%)]	Train Loss: 0.240103	Val Loss: 0.603674	Val Acc: 82
Train Epoch: 57 [19200/49000 (39%)]	Train Loss: 0.295737	Val Loss: 0.711025	Val Acc: 81
Train Epoch: 57 [20480/49000 (42%)]	Train Loss: 0.325567	Val Loss: 0.788233	Val Acc: 76
Train Epoch: 57 [21760/49000 (44%)]	Train Loss: 0.260417	Val Loss: 0.657937	Val Acc: 80
Train Epoch: 57 [23040/49000 (47%)]	Train Loss: 0.338959	Val Loss: 0.650626	Val Acc: 80
Train Epoch: 57 [24320/49000 (50%)]	Train Loss: 0.214477	Val Loss: 0.623399	Val Acc: 80
Train Epoch: 57 [25600/49000 (52%)]	Train Loss: 0.223735	Val Loss: 0.611905	Val Acc: 82
Train Epoch: 57 [26880/49000 (55%)]	Train Loss: 0.248280	Val Loss: 0.694006	Val Acc: 80
Train Epoch: 57 [28160/49000 (57%)]	Train Loss: 0.320991	Val Loss: 0.587339	Val Acc: 82
Train Epoch: 57 [29440/49000 (60%)]	Train Loss: 0.210115	Val Loss: 0.729029	Val Acc: 79
Train Epoch: 57 [30720/49000 (63%)]	Train Loss: 0.382322	Val Loss: 0.651784	Val Acc: 81
Train Epoch: 57 [32000/49000 (65%)]	Train Loss: 0.377063	Val Loss: 0.690499	Val Acc: 80
Train Epoch: 57 [33280/49000 (68%)]	Train Loss: 0.448427	Val Loss: 0.624298	Val Acc: 81
Train Epoch: 57 [34560/49000 (70%)]	Train Loss: 0.208276	Val Loss: 0.750542	Val Acc: 79
Train Epoch: 57 [35840/49000 (73%)]	Train Loss: 0.392558	Val Loss: 0.715977	Val Acc: 78
Train Epoch: 57 [37120/49000 (76%)]	Train Loss: 0.332988	Val Loss: 0.834132	Val Acc: 76
Train Epoch: 57 [38400/49000 (78%)]	Train Loss: 0.320021	Val Loss: 0.778184	Val Acc: 77
Train Epoch: 57 [39680/49000 (81%)]	Train Loss: 0.326498	Val Loss: 0.671831	Val Acc: 79
Train Epoch: 57 [40960/49000 (84%)]	Train Loss: 0.479995	Val Loss: 0.744483	Val Acc: 77
Train Epoch: 57 [42240/49000 (86%)]	Train Loss: 0.397775	Val Loss: 0.651904	Val Acc: 79
Train Epoch: 57 [43520/49000 (89%)]	Train Loss: 0.249843	Val Loss: 0.683542	Val Acc: 79
Train Epoch: 57 [44800/49000 (91%)]	Train Loss: 0.314926	Val Loss: 0.577906	Val Acc: 79
Train Epoch: 57 [46080/49000 (94%)]	Train Loss: 0.219613	Val Loss: 0.746212	Val Acc: 79
Train Epoch: 57 [47360/49000 (97%)]	Train Loss: 0.376393	Val Loss: 0.740875	Val Acc: 77
Train Epoch: 57 [48640/49000 (99%)]	Train Loss: 0.412718	Val Loss: 0.715190	Val Acc: 78
model saved, accuracy is 77.000000
Train Epoch: 58 [0/49000 (0%)]	Train Loss: 0.758907	Val Loss: 0.858242	Val Acc: 75
Train Epoch: 58 [1280/49000 (3%)]	Train Loss: 0.241644	Val Loss: 0.716533	Val Acc: 78
Train Epoch: 58 [2560/49000 (5%)]	Train Loss: 0.253436	Val Loss: 0.746115	Val Acc: 78
Train Epoch: 58 [3840/49000 (8%)]	Train Loss: 0.305754	Val Loss: 0.719835	Val Acc: 77
Train Epoch: 58 [5120/49000 (10%)]	Train Loss: 0.384419	Val Loss: 0.682878	Val Acc: 79
Train Epoch: 58 [6400/49000 (13%)]	Train Loss: 0.510643	Val Loss: 0.714975	Val Acc: 79
Train Epoch: 58 [7680/49000 (16%)]	Train Loss: 0.368053	Val Loss: 0.626280	Val Acc: 81
Train Epoch: 58 [8960/49000 (18%)]	Train Loss: 0.285230	Val Loss: 0.653184	Val Acc: 81
Train Epoch: 58 [10240/49000 (21%)]	Train Loss: 0.386812	Val Loss: 0.667739	Val Acc: 82
Train Epoch: 58 [11520/49000 (23%)]	Train Loss: 0.414394	Val Loss: 0.675002	Val Acc: 79
Train Epoch: 58 [12800/49000 (26%)]	Train Loss: 0.403456	Val Loss: 0.669753	Val Acc: 78
Train Epoch: 58 [14080/49000 (29%)]	Train Loss: 0.247674	Val Loss: 0.702417	Val Acc: 77
Train Epoch: 58 [15360/49000 (31%)]	Train Loss: 0.262312	Val Loss: 0.711355	Val Acc: 80
Train Epoch: 58 [16640/49000 (34%)]	Train Loss: 0.375833	Val Loss: 0.750096	Val Acc: 77
Train Epoch: 58 [17920/49000 (37%)]	Train Loss: 0.259413	Val Loss: 0.669077	Val Acc: 82
Train Epoch: 58 [19200/49000 (39%)]	Train Loss: 0.308504	Val Loss: 0.676705	Val Acc: 80
Train Epoch: 58 [20480/49000 (42%)]	Train Loss: 0.164670	Val Loss: 0.629643	Val Acc: 81
Train Epoch: 58 [21760/49000 (44%)]	Train Loss: 0.303629	Val Loss: 0.654311	Val Acc: 81
Train Epoch: 58 [23040/49000 (47%)]	Train Loss: 0.308320	Val Loss: 0.735484	Val Acc: 78
Train Epoch: 58 [24320/49000 (50%)]	Train Loss: 0.343472	Val Loss: 0.744546	Val Acc: 77
Train Epoch: 58 [25600/49000 (52%)]	Train Loss: 0.364271	Val Loss: 0.700538	Val Acc: 80
Train Epoch: 58 [26880/49000 (55%)]	Train Loss: 0.271510	Val Loss: 0.655251	Val Acc: 80
Train Epoch: 58 [28160/49000 (57%)]	Train Loss: 0.429134	Val Loss: 0.662058	Val Acc: 81
Train Epoch: 58 [29440/49000 (60%)]	Train Loss: 0.315307	Val Loss: 0.746621	Val Acc: 79
Train Epoch: 58 [30720/49000 (63%)]	Train Loss: 0.234292	Val Loss: 0.707348	Val Acc: 79
Train Epoch: 58 [32000/49000 (65%)]	Train Loss: 0.270379	Val Loss: 0.633026	Val Acc: 81
Train Epoch: 58 [33280/49000 (68%)]	Train Loss: 0.317994	Val Loss: 0.696092	Val Acc: 78
Train Epoch: 58 [34560/49000 (70%)]	Train Loss: 0.314655	Val Loss: 0.652216	Val Acc: 81
Train Epoch: 58 [35840/49000 (73%)]	Train Loss: 0.348881	Val Loss: 0.689259	Val Acc: 80
Train Epoch: 58 [37120/49000 (76%)]	Train Loss: 0.410419	Val Loss: 0.609638	Val Acc: 81
Train Epoch: 58 [38400/49000 (78%)]	Train Loss: 0.214086	Val Loss: 0.713865	Val Acc: 82
Train Epoch: 58 [39680/49000 (81%)]	Train Loss: 0.343270	Val Loss: 0.722352	Val Acc: 81
Train Epoch: 58 [40960/49000 (84%)]	Train Loss: 0.276739	Val Loss: 0.680581	Val Acc: 79
Train Epoch: 58 [42240/49000 (86%)]	Train Loss: 0.219439	Val Loss: 0.731899	Val Acc: 80
Train Epoch: 58 [43520/49000 (89%)]	Train Loss: 0.254829	Val Loss: 0.671563	Val Acc: 81
Train Epoch: 58 [44800/49000 (91%)]	Train Loss: 0.286088	Val Loss: 0.561646	Val Acc: 83
Train Epoch: 58 [46080/49000 (94%)]	Train Loss: 0.244410	Val Loss: 0.608264	Val Acc: 81
Train Epoch: 58 [47360/49000 (97%)]	Train Loss: 0.225467	Val Loss: 0.599924	Val Acc: 81
Train Epoch: 58 [48640/49000 (99%)]	Train Loss: 0.277240	Val Loss: 0.585663	Val Acc: 80
model saved, accuracy is 78.000000
Train Epoch: 59 [0/49000 (0%)]	Train Loss: 0.910308	Val Loss: 0.724836	Val Acc: 77
Train Epoch: 59 [1280/49000 (3%)]	Train Loss: 0.213545	Val Loss: 0.699786	Val Acc: 79
Train Epoch: 59 [2560/49000 (5%)]	Train Loss: 0.226824	Val Loss: 0.791008	Val Acc: 79
Train Epoch: 59 [3840/49000 (8%)]	Train Loss: 0.468515	Val Loss: 0.774266	Val Acc: 76
Train Epoch: 59 [5120/49000 (10%)]	Train Loss: 0.233976	Val Loss: 0.718491	Val Acc: 79
Train Epoch: 59 [6400/49000 (13%)]	Train Loss: 0.318761	Val Loss: 0.651612	Val Acc: 77
Train Epoch: 59 [7680/49000 (16%)]	Train Loss: 0.292753	Val Loss: 0.641226	Val Acc: 79
Train Epoch: 59 [8960/49000 (18%)]	Train Loss: 0.268834	Val Loss: 0.731014	Val Acc: 80
Train Epoch: 59 [10240/49000 (21%)]	Train Loss: 0.448564	Val Loss: 0.678759	Val Acc: 80
Train Epoch: 59 [11520/49000 (23%)]	Train Loss: 0.308226	Val Loss: 0.714969	Val Acc: 80
Train Epoch: 59 [12800/49000 (26%)]	Train Loss: 0.284034	Val Loss: 0.660204	Val Acc: 79
Train Epoch: 59 [14080/49000 (29%)]	Train Loss: 0.326736	Val Loss: 0.724315	Val Acc: 79
Train Epoch: 59 [15360/49000 (31%)]	Train Loss: 0.255503	Val Loss: 0.689755	Val Acc: 79
Train Epoch: 59 [16640/49000 (34%)]	Train Loss: 0.340825	Val Loss: 0.757020	Val Acc: 77
Train Epoch: 59 [17920/49000 (37%)]	Train Loss: 0.320648	Val Loss: 0.726094	Val Acc: 79
Train Epoch: 59 [19200/49000 (39%)]	Train Loss: 0.374138	Val Loss: 0.661554	Val Acc: 81
Train Epoch: 59 [20480/49000 (42%)]	Train Loss: 0.388366	Val Loss: 0.628794	Val Acc: 81
Train Epoch: 59 [21760/49000 (44%)]	Train Loss: 0.208325	Val Loss: 0.598675	Val Acc: 79
Train Epoch: 59 [23040/49000 (47%)]	Train Loss: 0.257804	Val Loss: 0.672276	Val Acc: 81
Train Epoch: 59 [24320/49000 (50%)]	Train Loss: 0.274572	Val Loss: 0.659626	Val Acc: 79
Train Epoch: 59 [25600/49000 (52%)]	Train Loss: 0.282341	Val Loss: 0.765110	Val Acc: 79
Train Epoch: 59 [26880/49000 (55%)]	Train Loss: 0.208290	Val Loss: 0.746123	Val Acc: 77
Train Epoch: 59 [28160/49000 (57%)]	Train Loss: 0.456772	Val Loss: 0.760163	Val Acc: 78
Train Epoch: 59 [29440/49000 (60%)]	Train Loss: 0.206442	Val Loss: 0.679393	Val Acc: 80
Train Epoch: 59 [30720/49000 (63%)]	Train Loss: 0.377557	Val Loss: 0.708782	Val Acc: 80
Train Epoch: 59 [32000/49000 (65%)]	Train Loss: 0.220361	Val Loss: 0.641629	Val Acc: 81
Train Epoch: 59 [33280/49000 (68%)]	Train Loss: 0.268984	Val Loss: 0.598940	Val Acc: 82
Train Epoch: 59 [34560/49000 (70%)]	Train Loss: 0.480023	Val Loss: 0.784385	Val Acc: 76
Train Epoch: 59 [35840/49000 (73%)]	Train Loss: 0.449921	Val Loss: 0.734187	Val Acc: 76
Train Epoch: 59 [37120/49000 (76%)]	Train Loss: 0.352991	Val Loss: 0.714270	Val Acc: 80
Train Epoch: 59 [38400/49000 (78%)]	Train Loss: 0.387299	Val Loss: 0.773650	Val Acc: 78
Train Epoch: 59 [39680/49000 (81%)]	Train Loss: 0.339410	Val Loss: 0.733600	Val Acc: 79
Train Epoch: 59 [40960/49000 (84%)]	Train Loss: 0.373555	Val Loss: 0.733495	Val Acc: 78
Train Epoch: 59 [42240/49000 (86%)]	Train Loss: 0.368390	Val Loss: 0.621582	Val Acc: 80
Train Epoch: 59 [43520/49000 (89%)]	Train Loss: 0.198453	Val Loss: 0.800980	Val Acc: 78
Train Epoch: 59 [44800/49000 (91%)]	Train Loss: 0.327005	Val Loss: 0.707362	Val Acc: 80
Train Epoch: 59 [46080/49000 (94%)]	Train Loss: 0.298372	Val Loss: 0.597224	Val Acc: 82
Train Epoch: 59 [47360/49000 (97%)]	Train Loss: 0.236694	Val Loss: 0.842712	Val Acc: 78
Train Epoch: 59 [48640/49000 (99%)]	Train Loss: 0.410020	Val Loss: 0.632387	Val Acc: 80
model saved, accuracy is 79.000000
Train Epoch: 60 [0/49000 (0%)]	Train Loss: 0.798180	Val Loss: 0.731117	Val Acc: 77
Train Epoch: 60 [1280/49000 (3%)]	Train Loss: 0.301146	Val Loss: 0.772094	Val Acc: 78
Train Epoch: 60 [2560/49000 (5%)]	Train Loss: 0.406169	Val Loss: 0.714667	Val Acc: 79
Train Epoch: 60 [3840/49000 (8%)]	Train Loss: 0.280210	Val Loss: 0.649485	Val Acc: 80
Train Epoch: 60 [5120/49000 (10%)]	Train Loss: 0.285148	Val Loss: 0.670930	Val Acc: 81
Train Epoch: 60 [6400/49000 (13%)]	Train Loss: 0.274161	Val Loss: 0.684892	Val Acc: 80
Train Epoch: 60 [7680/49000 (16%)]	Train Loss: 0.249107	Val Loss: 0.729613	Val Acc: 80
Train Epoch: 60 [8960/49000 (18%)]	Train Loss: 0.374782	Val Loss: 0.689774	Val Acc: 81
Train Epoch: 60 [10240/49000 (21%)]	Train Loss: 0.246787	Val Loss: 0.770758	Val Acc: 78
Train Epoch: 60 [11520/49000 (23%)]	Train Loss: 0.400309	Val Loss: 0.622922	Val Acc: 82
Train Epoch: 60 [12800/49000 (26%)]	Train Loss: 0.253320	Val Loss: 0.826577	Val Acc: 77
Train Epoch: 60 [14080/49000 (29%)]	Train Loss: 0.204493	Val Loss: 0.731172	Val Acc: 78
Train Epoch: 60 [15360/49000 (31%)]	Train Loss: 0.324431	Val Loss: 0.709113	Val Acc: 80
Train Epoch: 60 [16640/49000 (34%)]	Train Loss: 0.284345	Val Loss: 0.694823	Val Acc: 80
Train Epoch: 60 [17920/49000 (37%)]	Train Loss: 0.364541	Val Loss: 0.615182	Val Acc: 80
Train Epoch: 60 [19200/49000 (39%)]	Train Loss: 0.306266	Val Loss: 0.625494	Val Acc: 81
Train Epoch: 60 [20480/49000 (42%)]	Train Loss: 0.386515	Val Loss: 0.622020	Val Acc: 80
Train Epoch: 60 [21760/49000 (44%)]	Train Loss: 0.217136	Val Loss: 0.634516	Val Acc: 79
Train Epoch: 60 [23040/49000 (47%)]	Train Loss: 0.264153	Val Loss: 0.618338	Val Acc: 81
Train Epoch: 60 [24320/49000 (50%)]	Train Loss: 0.201210	Val Loss: 0.680840	Val Acc: 79
Train Epoch: 60 [25600/49000 (52%)]	Train Loss: 0.215489	Val Loss: 0.684096	Val Acc: 79
Train Epoch: 60 [26880/49000 (55%)]	Train Loss: 0.287441	Val Loss: 0.651159	Val Acc: 81
Train Epoch: 60 [28160/49000 (57%)]	Train Loss: 0.428243	Val Loss: 0.688555	Val Acc: 79
Train Epoch: 60 [29440/49000 (60%)]	Train Loss: 0.337794	Val Loss: 0.775785	Val Acc: 77
Train Epoch: 60 [30720/49000 (63%)]	Train Loss: 0.415315	Val Loss: 0.729519	Val Acc: 77
Train Epoch: 60 [32000/49000 (65%)]	Train Loss: 0.346169	Val Loss: 0.676041	Val Acc: 80
Train Epoch: 60 [33280/49000 (68%)]	Train Loss: 0.325368	Val Loss: 0.636486	Val Acc: 81
Train Epoch: 60 [34560/49000 (70%)]	Train Loss: 0.276363	Val Loss: 0.654983	Val Acc: 81
Train Epoch: 60 [35840/49000 (73%)]	Train Loss: 0.285762	Val Loss: 0.823096	Val Acc: 77
Train Epoch: 60 [37120/49000 (76%)]	Train Loss: 0.328279	Val Loss: 0.793261	Val Acc: 75
Train Epoch: 60 [38400/49000 (78%)]	Train Loss: 0.259897	Val Loss: 0.620730	Val Acc: 80
Train Epoch: 60 [39680/49000 (81%)]	Train Loss: 0.333612	Val Loss: 0.621176	Val Acc: 82
Train Epoch: 60 [40960/49000 (84%)]	Train Loss: 0.426547	Val Loss: 0.659186	Val Acc: 80
Train Epoch: 60 [42240/49000 (86%)]	Train Loss: 0.286939	Val Loss: 0.661782	Val Acc: 80
Train Epoch: 60 [43520/49000 (89%)]	Train Loss: 0.258419	Val Loss: 0.650861	Val Acc: 80
Train Epoch: 60 [44800/49000 (91%)]	Train Loss: 0.234110	Val Loss: 0.608113	Val Acc: 80
Train Epoch: 60 [46080/49000 (94%)]	Train Loss: 0.205373	Val Loss: 0.664525	Val Acc: 80
Train Epoch: 60 [47360/49000 (97%)]	Train Loss: 0.326085	Val Loss: 0.700983	Val Acc: 79
Train Epoch: 60 [48640/49000 (99%)]	Train Loss: 0.344265	Val Loss: 0.812218	Val Acc: 76
model saved, accuracy is 77.000000
Train Epoch: 61 [0/49000 (0%)]	Train Loss: 0.563445	Val Loss: 0.913067	Val Acc: 74
Train Epoch: 61 [1280/49000 (3%)]	Train Loss: 0.539770	Val Loss: 0.750906	Val Acc: 77
Train Epoch: 61 [2560/49000 (5%)]	Train Loss: 0.360497	Val Loss: 0.736173	Val Acc: 79
Train Epoch: 61 [3840/49000 (8%)]	Train Loss: 0.260195	Val Loss: 0.704271	Val Acc: 80
Train Epoch: 61 [5120/49000 (10%)]	Train Loss: 0.140072	Val Loss: 0.678881	Val Acc: 81
Train Epoch: 61 [6400/49000 (13%)]	Train Loss: 0.305524	Val Loss: 0.731559	Val Acc: 79
Train Epoch: 61 [7680/49000 (16%)]	Train Loss: 0.402150	Val Loss: 0.700457	Val Acc: 78
Train Epoch: 61 [8960/49000 (18%)]	Train Loss: 0.260772	Val Loss: 0.720505	Val Acc: 77
Train Epoch: 61 [10240/49000 (21%)]	Train Loss: 0.359231	Val Loss: 0.674447	Val Acc: 80
Train Epoch: 61 [11520/49000 (23%)]	Train Loss: 0.267897	Val Loss: 0.708996	Val Acc: 80
Train Epoch: 61 [12800/49000 (26%)]	Train Loss: 0.360534	Val Loss: 0.827611	Val Acc: 78
Train Epoch: 61 [14080/49000 (29%)]	Train Loss: 0.431035	Val Loss: 0.664509	Val Acc: 81
Train Epoch: 61 [15360/49000 (31%)]	Train Loss: 0.289900	Val Loss: 0.650963	Val Acc: 80
Train Epoch: 61 [16640/49000 (34%)]	Train Loss: 0.403483	Val Loss: 0.650647	Val Acc: 81
Train Epoch: 61 [17920/49000 (37%)]	Train Loss: 0.320723	Val Loss: 0.583440	Val Acc: 83
Train Epoch: 61 [19200/49000 (39%)]	Train Loss: 0.173848	Val Loss: 0.704320	Val Acc: 79
Train Epoch: 61 [20480/49000 (42%)]	Train Loss: 0.365378	Val Loss: 0.804255	Val Acc: 78
Train Epoch: 61 [21760/49000 (44%)]	Train Loss: 0.517243	Val Loss: 0.690393	Val Acc: 79
Train Epoch: 61 [23040/49000 (47%)]	Train Loss: 0.364496	Val Loss: 0.811800	Val Acc: 75
Train Epoch: 61 [24320/49000 (50%)]	Train Loss: 0.300856	Val Loss: 0.667551	Val Acc: 80
Train Epoch: 61 [25600/49000 (52%)]	Train Loss: 0.291037	Val Loss: 0.803969	Val Acc: 78
Train Epoch: 61 [26880/49000 (55%)]	Train Loss: 0.157198	Val Loss: 0.836721	Val Acc: 77
Train Epoch: 61 [28160/49000 (57%)]	Train Loss: 0.262336	Val Loss: 0.770893	Val Acc: 79
Train Epoch: 61 [29440/49000 (60%)]	Train Loss: 0.294216	Val Loss: 0.814548	Val Acc: 79
Train Epoch: 61 [30720/49000 (63%)]	Train Loss: 0.274325	Val Loss: 0.626199	Val Acc: 82
Train Epoch: 61 [32000/49000 (65%)]	Train Loss: 0.350452	Val Loss: 0.649091	Val Acc: 80
Train Epoch: 61 [33280/49000 (68%)]	Train Loss: 0.245159	Val Loss: 0.754764	Val Acc: 76
Train Epoch: 61 [34560/49000 (70%)]	Train Loss: 0.378242	Val Loss: 0.726878	Val Acc: 78
Train Epoch: 61 [35840/49000 (73%)]	Train Loss: 0.271363	Val Loss: 0.661621	Val Acc: 80
Train Epoch: 61 [37120/49000 (76%)]	Train Loss: 0.198623	Val Loss: 0.856454	Val Acc: 76
Train Epoch: 61 [38400/49000 (78%)]	Train Loss: 0.170325	Val Loss: 0.674226	Val Acc: 80
Train Epoch: 61 [39680/49000 (81%)]	Train Loss: 0.344737	Val Loss: 0.687598	Val Acc: 79
Train Epoch: 61 [40960/49000 (84%)]	Train Loss: 0.300714	Val Loss: 0.773922	Val Acc: 78
Train Epoch: 61 [42240/49000 (86%)]	Train Loss: 0.190673	Val Loss: 0.678560	Val Acc: 81
Train Epoch: 61 [43520/49000 (89%)]	Train Loss: 0.272895	Val Loss: 0.696386	Val Acc: 80
Train Epoch: 61 [44800/49000 (91%)]	Train Loss: 0.406173	Val Loss: 0.670497	Val Acc: 80
Train Epoch: 61 [46080/49000 (94%)]	Train Loss: 0.455106	Val Loss: 0.741461	Val Acc: 78
Train Epoch: 61 [47360/49000 (97%)]	Train Loss: 0.365842	Val Loss: 0.722003	Val Acc: 77
Train Epoch: 61 [48640/49000 (99%)]	Train Loss: 0.357632	Val Loss: 0.612436	Val Acc: 81
model saved, accuracy is 81.000000
Train Epoch: 62 [0/49000 (0%)]	Train Loss: 0.555424	Val Loss: 0.698477	Val Acc: 80
Train Epoch: 62 [1280/49000 (3%)]	Train Loss: 0.306186	Val Loss: 0.627500	Val Acc: 79
Train Epoch: 62 [2560/49000 (5%)]	Train Loss: 0.296815	Val Loss: 0.730510	Val Acc: 81
Train Epoch: 62 [3840/49000 (8%)]	Train Loss: 0.361022	Val Loss: 0.660352	Val Acc: 81
Train Epoch: 62 [5120/49000 (10%)]	Train Loss: 0.338172	Val Loss: 0.741543	Val Acc: 76
Train Epoch: 62 [6400/49000 (13%)]	Train Loss: 0.169830	Val Loss: 0.715698	Val Acc: 80
Train Epoch: 62 [7680/49000 (16%)]	Train Loss: 0.503593	Val Loss: 0.688032	Val Acc: 80
Train Epoch: 62 [8960/49000 (18%)]	Train Loss: 0.308960	Val Loss: 0.630072	Val Acc: 80
Train Epoch: 62 [10240/49000 (21%)]	Train Loss: 0.163253	Val Loss: 0.650456	Val Acc: 79
Train Epoch: 62 [11520/49000 (23%)]	Train Loss: 0.191983	Val Loss: 0.708508	Val Acc: 80
Train Epoch: 62 [12800/49000 (26%)]	Train Loss: 0.134510	Val Loss: 0.707605	Val Acc: 81
Train Epoch: 62 [14080/49000 (29%)]	Train Loss: 0.308447	Val Loss: 0.650668	Val Acc: 79
Train Epoch: 62 [15360/49000 (31%)]	Train Loss: 0.157020	Val Loss: 0.624834	Val Acc: 82
Train Epoch: 62 [16640/49000 (34%)]	Train Loss: 0.328603	Val Loss: 0.673896	Val Acc: 81
Train Epoch: 62 [17920/49000 (37%)]	Train Loss: 0.313844	Val Loss: 0.678438	Val Acc: 80
Train Epoch: 62 [19200/49000 (39%)]	Train Loss: 0.391314	Val Loss: 0.615176	Val Acc: 81
Train Epoch: 62 [20480/49000 (42%)]	Train Loss: 0.368649	Val Loss: 0.695729	Val Acc: 80
Train Epoch: 62 [21760/49000 (44%)]	Train Loss: 0.295013	Val Loss: 0.675918	Val Acc: 81
Train Epoch: 62 [23040/49000 (47%)]	Train Loss: 0.360957	Val Loss: 0.649286	Val Acc: 79
Train Epoch: 62 [24320/49000 (50%)]	Train Loss: 0.236698	Val Loss: 0.695880	Val Acc: 77
Train Epoch: 62 [25600/49000 (52%)]	Train Loss: 0.159738	Val Loss: 0.737477	Val Acc: 80
Train Epoch: 62 [26880/49000 (55%)]	Train Loss: 0.317183	Val Loss: 0.741915	Val Acc: 79
Train Epoch: 62 [28160/49000 (57%)]	Train Loss: 0.284203	Val Loss: 0.655315	Val Acc: 79
Train Epoch: 62 [29440/49000 (60%)]	Train Loss: 0.361478	Val Loss: 0.625134	Val Acc: 82
Train Epoch: 62 [30720/49000 (63%)]	Train Loss: 0.255536	Val Loss: 0.686259	Val Acc: 81
Train Epoch: 62 [32000/49000 (65%)]	Train Loss: 0.356272	Val Loss: 0.669259	Val Acc: 80
Train Epoch: 62 [33280/49000 (68%)]	Train Loss: 0.360473	Val Loss: 0.622570	Val Acc: 81
Train Epoch: 62 [34560/49000 (70%)]	Train Loss: 0.259088	Val Loss: 0.742350	Val Acc: 80
Train Epoch: 62 [35840/49000 (73%)]	Train Loss: 0.373583	Val Loss: 0.643467	Val Acc: 82
Train Epoch: 62 [37120/49000 (76%)]	Train Loss: 0.223321	Val Loss: 0.629397	Val Acc: 81
Train Epoch: 62 [38400/49000 (78%)]	Train Loss: 0.247582	Val Loss: 0.660417	Val Acc: 81
Train Epoch: 62 [39680/49000 (81%)]	Train Loss: 0.465302	Val Loss: 0.665419	Val Acc: 80
Train Epoch: 62 [40960/49000 (84%)]	Train Loss: 0.382926	Val Loss: 0.618922	Val Acc: 80
Train Epoch: 62 [42240/49000 (86%)]	Train Loss: 0.283096	Val Loss: 0.564603	Val Acc: 83
Train Epoch: 62 [43520/49000 (89%)]	Train Loss: 0.259784	Val Loss: 0.577115	Val Acc: 83
Train Epoch: 62 [44800/49000 (91%)]	Train Loss: 0.173674	Val Loss: 0.754141	Val Acc: 77
Train Epoch: 62 [46080/49000 (94%)]	Train Loss: 0.473377	Val Loss: 0.725016	Val Acc: 78
Train Epoch: 62 [47360/49000 (97%)]	Train Loss: 0.355278	Val Loss: 0.560140	Val Acc: 83
Train Epoch: 62 [48640/49000 (99%)]	Train Loss: 0.328211	Val Loss: 0.613452	Val Acc: 81
model saved, accuracy is 81.000000
Train Epoch: 63 [0/49000 (0%)]	Train Loss: 0.543945	Val Loss: 0.700674	Val Acc: 81
Train Epoch: 63 [1280/49000 (3%)]	Train Loss: 0.212286	Val Loss: 0.585754	Val Acc: 81
Train Epoch: 63 [2560/49000 (5%)]	Train Loss: 0.231525	Val Loss: 0.616841	Val Acc: 82
Train Epoch: 63 [3840/49000 (8%)]	Train Loss: 0.277530	Val Loss: 0.686476	Val Acc: 80
Train Epoch: 63 [5120/49000 (10%)]	Train Loss: 0.270767	Val Loss: 0.679161	Val Acc: 80
Train Epoch: 63 [6400/49000 (13%)]	Train Loss: 0.278077	Val Loss: 0.712259	Val Acc: 79
Train Epoch: 63 [7680/49000 (16%)]	Train Loss: 0.288069	Val Loss: 0.612478	Val Acc: 81
Train Epoch: 63 [8960/49000 (18%)]	Train Loss: 0.237898	Val Loss: 0.663938	Val Acc: 82
Train Epoch: 63 [10240/49000 (21%)]	Train Loss: 0.191107	Val Loss: 0.812155	Val Acc: 78
Train Epoch: 63 [11520/49000 (23%)]	Train Loss: 0.292949	Val Loss: 0.815699	Val Acc: 77
Train Epoch: 63 [12800/49000 (26%)]	Train Loss: 0.249586	Val Loss: 0.661407	Val Acc: 79
Train Epoch: 63 [14080/49000 (29%)]	Train Loss: 0.509932	Val Loss: 0.745620	Val Acc: 78
Train Epoch: 63 [15360/49000 (31%)]	Train Loss: 0.290521	Val Loss: 0.710269	Val Acc: 79
Train Epoch: 63 [16640/49000 (34%)]	Train Loss: 0.184753	Val Loss: 0.715745	Val Acc: 81
Train Epoch: 63 [17920/49000 (37%)]	Train Loss: 0.256769	Val Loss: 0.680400	Val Acc: 80
Train Epoch: 63 [19200/49000 (39%)]	Train Loss: 0.367864	Val Loss: 0.703122	Val Acc: 79
Train Epoch: 63 [20480/49000 (42%)]	Train Loss: 0.379939	Val Loss: 0.754305	Val Acc: 78
Train Epoch: 63 [21760/49000 (44%)]	Train Loss: 0.273271	Val Loss: 0.728829	Val Acc: 76
Train Epoch: 63 [23040/49000 (47%)]	Train Loss: 0.345264	Val Loss: 0.917017	Val Acc: 73
Train Epoch: 63 [24320/49000 (50%)]	Train Loss: 0.219887	Val Loss: 0.668725	Val Acc: 80
Train Epoch: 63 [25600/49000 (52%)]	Train Loss: 0.309359	Val Loss: 0.798861	Val Acc: 78
Train Epoch: 63 [26880/49000 (55%)]	Train Loss: 0.423867	Val Loss: 0.738261	Val Acc: 78
Train Epoch: 63 [28160/49000 (57%)]	Train Loss: 0.394341	Val Loss: 0.685013	Val Acc: 79
Train Epoch: 63 [29440/49000 (60%)]	Train Loss: 0.280622	Val Loss: 0.605573	Val Acc: 83
Train Epoch: 63 [30720/49000 (63%)]	Train Loss: 0.185714	Val Loss: 0.659447	Val Acc: 80
Train Epoch: 63 [32000/49000 (65%)]	Train Loss: 0.352371	Val Loss: 0.603201	Val Acc: 82
Train Epoch: 63 [33280/49000 (68%)]	Train Loss: 0.154604	Val Loss: 0.655277	Val Acc: 82
Train Epoch: 63 [34560/49000 (70%)]	Train Loss: 0.280195	Val Loss: 0.619912	Val Acc: 81
Train Epoch: 63 [35840/49000 (73%)]	Train Loss: 0.346331	Val Loss: 0.747080	Val Acc: 79
Train Epoch: 63 [37120/49000 (76%)]	Train Loss: 0.314807	Val Loss: 0.641491	Val Acc: 80
Train Epoch: 63 [38400/49000 (78%)]	Train Loss: 0.248809	Val Loss: 0.715105	Val Acc: 78
Train Epoch: 63 [39680/49000 (81%)]	Train Loss: 0.273560	Val Loss: 0.636266	Val Acc: 81
Train Epoch: 63 [40960/49000 (84%)]	Train Loss: 0.375439	Val Loss: 0.739068	Val Acc: 79
Train Epoch: 63 [42240/49000 (86%)]	Train Loss: 0.250820	Val Loss: 0.813269	Val Acc: 78
Train Epoch: 63 [43520/49000 (89%)]	Train Loss: 0.278035	Val Loss: 0.618074	Val Acc: 81
Train Epoch: 63 [44800/49000 (91%)]	Train Loss: 0.318015	Val Loss: 0.590854	Val Acc: 83
Train Epoch: 63 [46080/49000 (94%)]	Train Loss: 0.234961	Val Loss: 0.615760	Val Acc: 82
Train Epoch: 63 [47360/49000 (97%)]	Train Loss: 0.356927	Val Loss: 0.660041	Val Acc: 81
Train Epoch: 63 [48640/49000 (99%)]	Train Loss: 0.334953	Val Loss: 0.671377	Val Acc: 81
model saved, accuracy is 80.000000
Train Epoch: 64 [0/49000 (0%)]	Train Loss: 0.720997	Val Loss: 0.660684	Val Acc: 80
Train Epoch: 64 [1280/49000 (3%)]	Train Loss: 0.311022	Val Loss: 0.701485	Val Acc: 79
Train Epoch: 64 [2560/49000 (5%)]	Train Loss: 0.332658	Val Loss: 0.651599	Val Acc: 81
Train Epoch: 64 [3840/49000 (8%)]	Train Loss: 0.331615	Val Loss: 0.659051	Val Acc: 81
Train Epoch: 64 [5120/49000 (10%)]	Train Loss: 0.501902	Val Loss: 0.946421	Val Acc: 76
Train Epoch: 64 [6400/49000 (13%)]	Train Loss: 0.292957	Val Loss: 0.785985	Val Acc: 79
Train Epoch: 64 [7680/49000 (16%)]	Train Loss: 0.354761	Val Loss: 0.841535	Val Acc: 77
Train Epoch: 64 [8960/49000 (18%)]	Train Loss: 0.431600	Val Loss: 0.854012	Val Acc: 78
Train Epoch: 64 [10240/49000 (21%)]	Train Loss: 0.306378	Val Loss: 0.729572	Val Acc: 79
Train Epoch: 64 [11520/49000 (23%)]	Train Loss: 0.248842	Val Loss: 0.690372	Val Acc: 81
Train Epoch: 64 [12800/49000 (26%)]	Train Loss: 0.351645	Val Loss: 0.675969	Val Acc: 80
Train Epoch: 64 [14080/49000 (29%)]	Train Loss: 0.290338	Val Loss: 0.656443	Val Acc: 81
Train Epoch: 64 [15360/49000 (31%)]	Train Loss: 0.288971	Val Loss: 0.720122	Val Acc: 78
Train Epoch: 64 [16640/49000 (34%)]	Train Loss: 0.353867	Val Loss: 0.615721	Val Acc: 80
Train Epoch: 64 [17920/49000 (37%)]	Train Loss: 0.245743	Val Loss: 0.611863	Val Acc: 80
Train Epoch: 64 [19200/49000 (39%)]	Train Loss: 0.206483	Val Loss: 0.660309	Val Acc: 82
Train Epoch: 64 [20480/49000 (42%)]	Train Loss: 0.250694	Val Loss: 0.733999	Val Acc: 82
Train Epoch: 64 [21760/49000 (44%)]	Train Loss: 0.286347	Val Loss: 0.744921	Val Acc: 78
Train Epoch: 64 [23040/49000 (47%)]	Train Loss: 0.299948	Val Loss: 0.772289	Val Acc: 79
Train Epoch: 64 [24320/49000 (50%)]	Train Loss: 0.373596	Val Loss: 0.675676	Val Acc: 80
Train Epoch: 64 [25600/49000 (52%)]	Train Loss: 0.456889	Val Loss: 0.690955	Val Acc: 80
Train Epoch: 64 [26880/49000 (55%)]	Train Loss: 0.220201	Val Loss: 0.722800	Val Acc: 77
Train Epoch: 64 [28160/49000 (57%)]	Train Loss: 0.304446	Val Loss: 0.675688	Val Acc: 80
Train Epoch: 64 [29440/49000 (60%)]	Train Loss: 0.366183	Val Loss: 0.666161	Val Acc: 79
Train Epoch: 64 [30720/49000 (63%)]	Train Loss: 0.330405	Val Loss: 0.714830	Val Acc: 80
Train Epoch: 64 [32000/49000 (65%)]	Train Loss: 0.316008	Val Loss: 0.723414	Val Acc: 80
Train Epoch: 64 [33280/49000 (68%)]	Train Loss: 0.441903	Val Loss: 0.810665	Val Acc: 76
Train Epoch: 64 [34560/49000 (70%)]	Train Loss: 0.282807	Val Loss: 0.725686	Val Acc: 79
Train Epoch: 64 [35840/49000 (73%)]	Train Loss: 0.437178	Val Loss: 0.722148	Val Acc: 77
Train Epoch: 64 [37120/49000 (76%)]	Train Loss: 0.434494	Val Loss: 0.705580	Val Acc: 77
Train Epoch: 64 [38400/49000 (78%)]	Train Loss: 0.368873	Val Loss: 0.661613	Val Acc: 79
Train Epoch: 64 [39680/49000 (81%)]	Train Loss: 0.418023	Val Loss: 0.694613	Val Acc: 80
Train Epoch: 64 [40960/49000 (84%)]	Train Loss: 0.431838	Val Loss: 0.706811	Val Acc: 79
Train Epoch: 64 [42240/49000 (86%)]	Train Loss: 0.389669	Val Loss: 0.695175	Val Acc: 79
Train Epoch: 64 [43520/49000 (89%)]	Train Loss: 0.168732	Val Loss: 0.633123	Val Acc: 81
Train Epoch: 64 [44800/49000 (91%)]	Train Loss: 0.306264	Val Loss: 0.759019	Val Acc: 80
Train Epoch: 64 [46080/49000 (94%)]	Train Loss: 0.209098	Val Loss: 0.690566	Val Acc: 79
Train Epoch: 64 [47360/49000 (97%)]	Train Loss: 0.455278	Val Loss: 0.604614	Val Acc: 81
Train Epoch: 64 [48640/49000 (99%)]	Train Loss: 0.287025	Val Loss: 0.672618	Val Acc: 80
model saved, accuracy is 81.000000
Train Epoch: 65 [0/49000 (0%)]	Train Loss: 0.628849	Val Loss: 0.671466	Val Acc: 80
Train Epoch: 65 [1280/49000 (3%)]	Train Loss: 0.229585	Val Loss: 0.605948	Val Acc: 82
Train Epoch: 65 [2560/49000 (5%)]	Train Loss: 0.254092	Val Loss: 0.688848	Val Acc: 80
Train Epoch: 65 [3840/49000 (8%)]	Train Loss: 0.316483	Val Loss: 0.670600	Val Acc: 79
Train Epoch: 65 [5120/49000 (10%)]	Train Loss: 0.409622	Val Loss: 0.658570	Val Acc: 79
Train Epoch: 65 [6400/49000 (13%)]	Train Loss: 0.299460	Val Loss: 0.676715	Val Acc: 80
Train Epoch: 65 [7680/49000 (16%)]	Train Loss: 0.250774	Val Loss: 0.653852	Val Acc: 82
Train Epoch: 65 [8960/49000 (18%)]	Train Loss: 0.285090	Val Loss: 0.667840	Val Acc: 80
Train Epoch: 65 [10240/49000 (21%)]	Train Loss: 0.299299	Val Loss: 0.649410	Val Acc: 81
Train Epoch: 65 [11520/49000 (23%)]	Train Loss: 0.396231	Val Loss: 0.660928	Val Acc: 79
Train Epoch: 65 [12800/49000 (26%)]	Train Loss: 0.294059	Val Loss: 0.747464	Val Acc: 80
Train Epoch: 65 [14080/49000 (29%)]	Train Loss: 0.283731	Val Loss: 0.559854	Val Acc: 81
Train Epoch: 65 [15360/49000 (31%)]	Train Loss: 0.138295	Val Loss: 0.690804	Val Acc: 80
Train Epoch: 65 [16640/49000 (34%)]	Train Loss: 0.294038	Val Loss: 0.763268	Val Acc: 79
Train Epoch: 65 [17920/49000 (37%)]	Train Loss: 0.265880	Val Loss: 0.665799	Val Acc: 80
Train Epoch: 65 [19200/49000 (39%)]	Train Loss: 0.508232	Val Loss: 0.705974	Val Acc: 78
Train Epoch: 65 [20480/49000 (42%)]	Train Loss: 0.297476	Val Loss: 0.816791	Val Acc: 78
Train Epoch: 65 [21760/49000 (44%)]	Train Loss: 0.157460	Val Loss: 0.811874	Val Acc: 77
Train Epoch: 65 [23040/49000 (47%)]	Train Loss: 0.282015	Val Loss: 0.703589	Val Acc: 79
Train Epoch: 65 [24320/49000 (50%)]	Train Loss: 0.466812	Val Loss: 0.677584	Val Acc: 79
Train Epoch: 65 [25600/49000 (52%)]	Train Loss: 0.340876	Val Loss: 0.691568	Val Acc: 79
Train Epoch: 65 [26880/49000 (55%)]	Train Loss: 0.193304	Val Loss: 0.666332	Val Acc: 82
Train Epoch: 65 [28160/49000 (57%)]	Train Loss: 0.288685	Val Loss: 0.782429	Val Acc: 79
Train Epoch: 65 [29440/49000 (60%)]	Train Loss: 0.391710	Val Loss: 0.678614	Val Acc: 80
Train Epoch: 65 [30720/49000 (63%)]	Train Loss: 0.235782	Val Loss: 0.856970	Val Acc: 76
Train Epoch: 65 [32000/49000 (65%)]	Train Loss: 0.455942	Val Loss: 0.628688	Val Acc: 80
Train Epoch: 65 [33280/49000 (68%)]	Train Loss: 0.419074	Val Loss: 0.700015	Val Acc: 77
Train Epoch: 65 [34560/49000 (70%)]	Train Loss: 0.378308	Val Loss: 0.758588	Val Acc: 77
Train Epoch: 65 [35840/49000 (73%)]	Train Loss: 0.238514	Val Loss: 0.635843	Val Acc: 80
Train Epoch: 65 [37120/49000 (76%)]	Train Loss: 0.417769	Val Loss: 0.694238	Val Acc: 79
Train Epoch: 65 [38400/49000 (78%)]	Train Loss: 0.311865	Val Loss: 0.767496	Val Acc: 78
Train Epoch: 65 [39680/49000 (81%)]	Train Loss: 0.435561	Val Loss: 0.650613	Val Acc: 79
Train Epoch: 65 [40960/49000 (84%)]	Train Loss: 0.202310	Val Loss: 0.709788	Val Acc: 78
Train Epoch: 65 [42240/49000 (86%)]	Train Loss: 0.405653	Val Loss: 0.721332	Val Acc: 79
Train Epoch: 65 [43520/49000 (89%)]	Train Loss: 0.219425	Val Loss: 0.757245	Val Acc: 78
Train Epoch: 65 [44800/49000 (91%)]	Train Loss: 0.247441	Val Loss: 0.796014	Val Acc: 79
Train Epoch: 65 [46080/49000 (94%)]	Train Loss: 0.284281	Val Loss: 0.816751	Val Acc: 77
Train Epoch: 65 [47360/49000 (97%)]	Train Loss: 0.413007	Val Loss: 0.734189	Val Acc: 78
Train Epoch: 65 [48640/49000 (99%)]	Train Loss: 0.252646	Val Loss: 0.623818	Val Acc: 82
model saved, accuracy is 80.000000
Train Epoch: 66 [0/49000 (0%)]	Train Loss: 0.604840	Val Loss: 0.659615	Val Acc: 81
Train Epoch: 66 [1280/49000 (3%)]	Train Loss: 0.258649	Val Loss: 0.653774	Val Acc: 80
Train Epoch: 66 [2560/49000 (5%)]	Train Loss: 0.354061	Val Loss: 0.643955	Val Acc: 83
Train Epoch: 66 [3840/49000 (8%)]	Train Loss: 0.259650	Val Loss: 0.787695	Val Acc: 79
Train Epoch: 66 [5120/49000 (10%)]	Train Loss: 0.241755	Val Loss: 0.803382	Val Acc: 75
Train Epoch: 66 [6400/49000 (13%)]	Train Loss: 0.250411	Val Loss: 0.701080	Val Acc: 79
Train Epoch: 66 [7680/49000 (16%)]	Train Loss: 0.360760	Val Loss: 0.778160	Val Acc: 76
Train Epoch: 66 [8960/49000 (18%)]	Train Loss: 0.375436	Val Loss: 0.716371	Val Acc: 78
Train Epoch: 66 [10240/49000 (21%)]	Train Loss: 0.358519	Val Loss: 0.608220	Val Acc: 82
Train Epoch: 66 [11520/49000 (23%)]	Train Loss: 0.193009	Val Loss: 0.650788	Val Acc: 82
Train Epoch: 66 [12800/49000 (26%)]	Train Loss: 0.246546	Val Loss: 0.634563	Val Acc: 79
Train Epoch: 66 [14080/49000 (29%)]	Train Loss: 0.252445	Val Loss: 0.631791	Val Acc: 82
Train Epoch: 66 [15360/49000 (31%)]	Train Loss: 0.317407	Val Loss: 0.652783	Val Acc: 81
Train Epoch: 66 [16640/49000 (34%)]	Train Loss: 0.208425	Val Loss: 0.739096	Val Acc: 78
Train Epoch: 66 [17920/49000 (37%)]	Train Loss: 0.212616	Val Loss: 0.613729	Val Acc: 81
Train Epoch: 66 [19200/49000 (39%)]	Train Loss: 0.253141	Val Loss: 0.796795	Val Acc: 77
Train Epoch: 66 [20480/49000 (42%)]	Train Loss: 0.151139	Val Loss: 0.730045	Val Acc: 78
Train Epoch: 66 [21760/49000 (44%)]	Train Loss: 0.264030	Val Loss: 0.691307	Val Acc: 81
Train Epoch: 66 [23040/49000 (47%)]	Train Loss: 0.205297	Val Loss: 0.740532	Val Acc: 80
Train Epoch: 66 [24320/49000 (50%)]	Train Loss: 0.354859	Val Loss: 0.689735	Val Acc: 79
Train Epoch: 66 [25600/49000 (52%)]	Train Loss: 0.305598	Val Loss: 0.776907	Val Acc: 75
Train Epoch: 66 [26880/49000 (55%)]	Train Loss: 0.428109	Val Loss: 0.727907	Val Acc: 79
Train Epoch: 66 [28160/49000 (57%)]	Train Loss: 0.208029	Val Loss: 0.693865	Val Acc: 80
Train Epoch: 66 [29440/49000 (60%)]	Train Loss: 0.350951	Val Loss: 0.701176	Val Acc: 79
Train Epoch: 66 [30720/49000 (63%)]	Train Loss: 0.349513	Val Loss: 0.819809	Val Acc: 77
Train Epoch: 66 [32000/49000 (65%)]	Train Loss: 0.204755	Val Loss: 0.687349	Val Acc: 80
Train Epoch: 66 [33280/49000 (68%)]	Train Loss: 0.238647	Val Loss: 0.584587	Val Acc: 82
Train Epoch: 66 [34560/49000 (70%)]	Train Loss: 0.383588	Val Loss: 0.624052	Val Acc: 82
Train Epoch: 66 [35840/49000 (73%)]	Train Loss: 0.271619	Val Loss: 0.708511	Val Acc: 81
Train Epoch: 66 [37120/49000 (76%)]	Train Loss: 0.391031	Val Loss: 0.609690	Val Acc: 83
Train Epoch: 66 [38400/49000 (78%)]	Train Loss: 0.257936	Val Loss: 0.622020	Val Acc: 81
Train Epoch: 66 [39680/49000 (81%)]	Train Loss: 0.282120	Val Loss: 0.679671	Val Acc: 80
Train Epoch: 66 [40960/49000 (84%)]	Train Loss: 0.278295	Val Loss: 0.669903	Val Acc: 81
Train Epoch: 66 [42240/49000 (86%)]	Train Loss: 0.162557	Val Loss: 0.623339	Val Acc: 83
Train Epoch: 66 [43520/49000 (89%)]	Train Loss: 0.190051	Val Loss: 0.655665	Val Acc: 82
Train Epoch: 66 [44800/49000 (91%)]	Train Loss: 0.244736	Val Loss: 0.794970	Val Acc: 79
Train Epoch: 66 [46080/49000 (94%)]	Train Loss: 0.302912	Val Loss: 0.800870	Val Acc: 75
Train Epoch: 66 [47360/49000 (97%)]	Train Loss: 0.504714	Val Loss: 0.671405	Val Acc: 80
Train Epoch: 66 [48640/49000 (99%)]	Train Loss: 0.336032	Val Loss: 0.610531	Val Acc: 82
model saved, accuracy is 78.000000
Train Epoch: 67 [0/49000 (0%)]	Train Loss: 0.424101	Val Loss: 0.752235	Val Acc: 76
Train Epoch: 67 [1280/49000 (3%)]	Train Loss: 0.311457	Val Loss: 0.672668	Val Acc: 82
Train Epoch: 67 [2560/49000 (5%)]	Train Loss: 0.238978	Val Loss: 0.667449	Val Acc: 82
Train Epoch: 67 [3840/49000 (8%)]	Train Loss: 0.152660	Val Loss: 0.689770	Val Acc: 80
Train Epoch: 67 [5120/49000 (10%)]	Train Loss: 0.255861	Val Loss: 0.676895	Val Acc: 81
Train Epoch: 67 [6400/49000 (13%)]	Train Loss: 0.101332	Val Loss: 0.703306	Val Acc: 80
Train Epoch: 67 [7680/49000 (16%)]	Train Loss: 0.319891	Val Loss: 0.773741	Val Acc: 76
Train Epoch: 67 [8960/49000 (18%)]	Train Loss: 0.320178	Val Loss: 0.684216	Val Acc: 78
Train Epoch: 67 [10240/49000 (21%)]	Train Loss: 0.321285	Val Loss: 0.717829	Val Acc: 81
Train Epoch: 67 [11520/49000 (23%)]	Train Loss: 0.266555	Val Loss: 0.590544	Val Acc: 83
Train Epoch: 67 [12800/49000 (26%)]	Train Loss: 0.383999	Val Loss: 0.704482	Val Acc: 80
Train Epoch: 67 [14080/49000 (29%)]	Train Loss: 0.364428	Val Loss: 0.578932	Val Acc: 82
Train Epoch: 67 [15360/49000 (31%)]	Train Loss: 0.450633	Val Loss: 0.655631	Val Acc: 80
Train Epoch: 67 [16640/49000 (34%)]	Train Loss: 0.286397	Val Loss: 0.678256	Val Acc: 81
Train Epoch: 67 [17920/49000 (37%)]	Train Loss: 0.269166	Val Loss: 0.688516	Val Acc: 79
Train Epoch: 67 [19200/49000 (39%)]	Train Loss: 0.197613	Val Loss: 0.640297	Val Acc: 82
Train Epoch: 67 [20480/49000 (42%)]	Train Loss: 0.350950	Val Loss: 0.678156	Val Acc: 80
Train Epoch: 67 [21760/49000 (44%)]	Train Loss: 0.406585	Val Loss: 0.737357	Val Acc: 77
Train Epoch: 67 [23040/49000 (47%)]	Train Loss: 0.251694	Val Loss: 0.626928	Val Acc: 82
Train Epoch: 67 [24320/49000 (50%)]	Train Loss: 0.305684	Val Loss: 0.635081	Val Acc: 80
Train Epoch: 67 [25600/49000 (52%)]	Train Loss: 0.341229	Val Loss: 0.693045	Val Acc: 82
Train Epoch: 67 [26880/49000 (55%)]	Train Loss: 0.381406	Val Loss: 0.594186	Val Acc: 81
Train Epoch: 67 [28160/49000 (57%)]	Train Loss: 0.277534	Val Loss: 0.724359	Val Acc: 80
Train Epoch: 67 [29440/49000 (60%)]	Train Loss: 0.271093	Val Loss: 0.659457	Val Acc: 80
Train Epoch: 67 [30720/49000 (63%)]	Train Loss: 0.371491	Val Loss: 0.691942	Val Acc: 80
Train Epoch: 67 [32000/49000 (65%)]	Train Loss: 0.356171	Val Loss: 0.666247	Val Acc: 80
Train Epoch: 67 [33280/49000 (68%)]	Train Loss: 0.173074	Val Loss: 0.712148	Val Acc: 80
Train Epoch: 67 [34560/49000 (70%)]	Train Loss: 0.189967	Val Loss: 0.679645	Val Acc: 81
Train Epoch: 67 [35840/49000 (73%)]	Train Loss: 0.256465	Val Loss: 0.678300	Val Acc: 81
Train Epoch: 67 [37120/49000 (76%)]	Train Loss: 0.321003	Val Loss: 0.686015	Val Acc: 78
Train Epoch: 67 [38400/49000 (78%)]	Train Loss: 0.460338	Val Loss: 0.666864	Val Acc: 81
Train Epoch: 67 [39680/49000 (81%)]	Train Loss: 0.458088	Val Loss: 0.597474	Val Acc: 81
Train Epoch: 67 [40960/49000 (84%)]	Train Loss: 0.379466	Val Loss: 0.648924	Val Acc: 80
Train Epoch: 67 [42240/49000 (86%)]	Train Loss: 0.326129	Val Loss: 0.578085	Val Acc: 83
Train Epoch: 67 [43520/49000 (89%)]	Train Loss: 0.268498	Val Loss: 0.695209	Val Acc: 80
Train Epoch: 67 [44800/49000 (91%)]	Train Loss: 0.299493	Val Loss: 0.657744	Val Acc: 82
Train Epoch: 67 [46080/49000 (94%)]	Train Loss: 0.153729	Val Loss: 0.585464	Val Acc: 82
Train Epoch: 67 [47360/49000 (97%)]	Train Loss: 0.310264	Val Loss: 0.733910	Val Acc: 80
Train Epoch: 67 [48640/49000 (99%)]	Train Loss: 0.468176	Val Loss: 0.782128	Val Acc: 78
model saved, accuracy is 81.000000
Train Epoch: 68 [0/49000 (0%)]	Train Loss: 0.599697	Val Loss: 0.659282	Val Acc: 80
Train Epoch: 68 [1280/49000 (3%)]	Train Loss: 0.396710	Val Loss: 0.735154	Val Acc: 77
Train Epoch: 68 [2560/49000 (5%)]	Train Loss: 0.244648	Val Loss: 0.639058	Val Acc: 81
Train Epoch: 68 [3840/49000 (8%)]	Train Loss: 0.187509	Val Loss: 0.644523	Val Acc: 80
Train Epoch: 68 [5120/49000 (10%)]	Train Loss: 0.207279	Val Loss: 0.704864	Val Acc: 80
Train Epoch: 68 [6400/49000 (13%)]	Train Loss: 0.400848	Val Loss: 0.666283	Val Acc: 82
Train Epoch: 68 [7680/49000 (16%)]	Train Loss: 0.199890	Val Loss: 0.651021	Val Acc: 80
Train Epoch: 68 [8960/49000 (18%)]	Train Loss: 0.276236	Val Loss: 0.679790	Val Acc: 79
Train Epoch: 68 [10240/49000 (21%)]	Train Loss: 0.246834	Val Loss: 0.613899	Val Acc: 82
Train Epoch: 68 [11520/49000 (23%)]	Train Loss: 0.280107	Val Loss: 0.662708	Val Acc: 81
Train Epoch: 68 [12800/49000 (26%)]	Train Loss: 0.155456	Val Loss: 0.684137	Val Acc: 80
Train Epoch: 68 [14080/49000 (29%)]	Train Loss: 0.142683	Val Loss: 0.648178	Val Acc: 80
Train Epoch: 68 [15360/49000 (31%)]	Train Loss: 0.222973	Val Loss: 0.765051	Val Acc: 78
Train Epoch: 68 [16640/49000 (34%)]	Train Loss: 0.293090	Val Loss: 0.762015	Val Acc: 78
Train Epoch: 68 [17920/49000 (37%)]	Train Loss: 0.284298	Val Loss: 0.778999	Val Acc: 77
Train Epoch: 68 [19200/49000 (39%)]	Train Loss: 0.246720	Val Loss: 0.701601	Val Acc: 81
Train Epoch: 68 [20480/49000 (42%)]	Train Loss: 0.541773	Val Loss: 0.707300	Val Acc: 80
Train Epoch: 68 [21760/49000 (44%)]	Train Loss: 0.306060	Val Loss: 0.682487	Val Acc: 80
Train Epoch: 68 [23040/49000 (47%)]	Train Loss: 0.338056	Val Loss: 0.725522	Val Acc: 77
Train Epoch: 68 [24320/49000 (50%)]	Train Loss: 0.266172	Val Loss: 0.757890	Val Acc: 78
Train Epoch: 68 [25600/49000 (52%)]	Train Loss: 0.352921	Val Loss: 0.712082	Val Acc: 77
Train Epoch: 68 [26880/49000 (55%)]	Train Loss: 0.269116	Val Loss: 0.731466	Val Acc: 79
Train Epoch: 68 [28160/49000 (57%)]	Train Loss: 0.164534	Val Loss: 0.716505	Val Acc: 80
Train Epoch: 68 [29440/49000 (60%)]	Train Loss: 0.198842	Val Loss: 0.680267	Val Acc: 80
Train Epoch: 68 [30720/49000 (63%)]	Train Loss: 0.326863	Val Loss: 0.691791	Val Acc: 79
Train Epoch: 68 [32000/49000 (65%)]	Train Loss: 0.285915	Val Loss: 0.610741	Val Acc: 81
Train Epoch: 68 [33280/49000 (68%)]	Train Loss: 0.273195	Val Loss: 0.643958	Val Acc: 79
Train Epoch: 68 [34560/49000 (70%)]	Train Loss: 0.345157	Val Loss: 0.584018	Val Acc: 83
Train Epoch: 68 [35840/49000 (73%)]	Train Loss: 0.301367	Val Loss: 0.744022	Val Acc: 80
Train Epoch: 68 [37120/49000 (76%)]	Train Loss: 0.211828	Val Loss: 0.684512	Val Acc: 79
Train Epoch: 68 [38400/49000 (78%)]	Train Loss: 0.296922	Val Loss: 0.648065	Val Acc: 81
Train Epoch: 68 [39680/49000 (81%)]	Train Loss: 0.174583	Val Loss: 0.648782	Val Acc: 81
Train Epoch: 68 [40960/49000 (84%)]	Train Loss: 0.381093	Val Loss: 0.728569	Val Acc: 78
Train Epoch: 68 [42240/49000 (86%)]	Train Loss: 0.527713	Val Loss: 0.689849	Val Acc: 78
Train Epoch: 68 [43520/49000 (89%)]	Train Loss: 0.256489	Val Loss: 0.578496	Val Acc: 83
Train Epoch: 68 [44800/49000 (91%)]	Train Loss: 0.378116	Val Loss: 0.674890	Val Acc: 80
Train Epoch: 68 [46080/49000 (94%)]	Train Loss: 0.294345	Val Loss: 0.616069	Val Acc: 81
Train Epoch: 68 [47360/49000 (97%)]	Train Loss: 0.486736	Val Loss: 0.839819	Val Acc: 78
Train Epoch: 68 [48640/49000 (99%)]	Train Loss: 0.182288	Val Loss: 0.673385	Val Acc: 80
model saved, accuracy is 81.000000
Train Epoch: 69 [0/49000 (0%)]	Train Loss: 0.536937	Val Loss: 0.626473	Val Acc: 81
Train Epoch: 69 [1280/49000 (3%)]	Train Loss: 0.218941	Val Loss: 0.540216	Val Acc: 84
Train Epoch: 69 [2560/49000 (5%)]	Train Loss: 0.198993	Val Loss: 0.622149	Val Acc: 81
Train Epoch: 69 [3840/49000 (8%)]	Train Loss: 0.203917	Val Loss: 0.664628	Val Acc: 81
Train Epoch: 69 [5120/49000 (10%)]	Train Loss: 0.283854	Val Loss: 0.704474	Val Acc: 80
Train Epoch: 69 [6400/49000 (13%)]	Train Loss: 0.298447	Val Loss: 0.616349	Val Acc: 81
Train Epoch: 69 [7680/49000 (16%)]	Train Loss: 0.224948	Val Loss: 0.754399	Val Acc: 78
Train Epoch: 69 [8960/49000 (18%)]	Train Loss: 0.146719	Val Loss: 0.562473	Val Acc: 83
Train Epoch: 69 [10240/49000 (21%)]	Train Loss: 0.180511	Val Loss: 0.660600	Val Acc: 81
Train Epoch: 69 [11520/49000 (23%)]	Train Loss: 0.149819	Val Loss: 0.639861	Val Acc: 80
Train Epoch: 69 [12800/49000 (26%)]	Train Loss: 0.335941	Val Loss: 0.794695	Val Acc: 78
Train Epoch: 69 [14080/49000 (29%)]	Train Loss: 0.420960	Val Loss: 0.643250	Val Acc: 80
Train Epoch: 69 [15360/49000 (31%)]	Train Loss: 0.181995	Val Loss: 0.592516	Val Acc: 80
Train Epoch: 69 [16640/49000 (34%)]	Train Loss: 0.248774	Val Loss: 0.630941	Val Acc: 82
Train Epoch: 69 [17920/49000 (37%)]	Train Loss: 0.294223	Val Loss: 0.773289	Val Acc: 80
Train Epoch: 69 [19200/49000 (39%)]	Train Loss: 0.259471	Val Loss: 0.663465	Val Acc: 81
Train Epoch: 69 [20480/49000 (42%)]	Train Loss: 0.261620	Val Loss: 0.714390	Val Acc: 80
Train Epoch: 69 [21760/49000 (44%)]	Train Loss: 0.581540	Val Loss: 0.668316	Val Acc: 79
Train Epoch: 69 [23040/49000 (47%)]	Train Loss: 0.243495	Val Loss: 0.754749	Val Acc: 79
Train Epoch: 69 [24320/49000 (50%)]	Train Loss: 0.142460	Val Loss: 0.615943	Val Acc: 81
Train Epoch: 69 [25600/49000 (52%)]	Train Loss: 0.223513	Val Loss: 0.644778	Val Acc: 82
Train Epoch: 69 [26880/49000 (55%)]	Train Loss: 0.262565	Val Loss: 0.708455	Val Acc: 81
Train Epoch: 69 [28160/49000 (57%)]	Train Loss: 0.207187	Val Loss: 0.665604	Val Acc: 81
Train Epoch: 69 [29440/49000 (60%)]	Train Loss: 0.320814	Val Loss: 0.622136	Val Acc: 81
Train Epoch: 69 [30720/49000 (63%)]	Train Loss: 0.170462	Val Loss: 0.678988	Val Acc: 81
Train Epoch: 69 [32000/49000 (65%)]	Train Loss: 0.161662	Val Loss: 0.785357	Val Acc: 79
Train Epoch: 69 [33280/49000 (68%)]	Train Loss: 0.221734	Val Loss: 0.707113	Val Acc: 81
Train Epoch: 69 [34560/49000 (70%)]	Train Loss: 0.279687	Val Loss: 0.759914	Val Acc: 76
Train Epoch: 69 [35840/49000 (73%)]	Train Loss: 0.479228	Val Loss: 0.663338	Val Acc: 81
Train Epoch: 69 [37120/49000 (76%)]	Train Loss: 0.278501	Val Loss: 0.624557	Val Acc: 81
Train Epoch: 69 [38400/49000 (78%)]	Train Loss: 0.269429	Val Loss: 0.681662	Val Acc: 81
Train Epoch: 69 [39680/49000 (81%)]	Train Loss: 0.330885	Val Loss: 0.721372	Val Acc: 79
Train Epoch: 69 [40960/49000 (84%)]	Train Loss: 0.353095	Val Loss: 0.658443	Val Acc: 80
Train Epoch: 69 [42240/49000 (86%)]	Train Loss: 0.449510	Val Loss: 0.651738	Val Acc: 81
Train Epoch: 69 [43520/49000 (89%)]	Train Loss: 0.377051	Val Loss: 0.664852	Val Acc: 80
Train Epoch: 69 [44800/49000 (91%)]	Train Loss: 0.276893	Val Loss: 0.708139	Val Acc: 80
Train Epoch: 69 [46080/49000 (94%)]	Train Loss: 0.317462	Val Loss: 0.761419	Val Acc: 80
Train Epoch: 69 [47360/49000 (97%)]	Train Loss: 0.361353	Val Loss: 0.603322	Val Acc: 80
Train Epoch: 69 [48640/49000 (99%)]	Train Loss: 0.289612	Val Loss: 0.621115	Val Acc: 82
model saved, accuracy is 83.000000
Best model updated: new best val accuracy: 83.000000
Train Epoch: 70 [0/49000 (0%)]	Train Loss: 0.590229	Val Loss: 0.636246	Val Acc: 82
Train Epoch: 70 [1280/49000 (3%)]	Train Loss: 0.295827	Val Loss: 0.706180	Val Acc: 81
Train Epoch: 70 [2560/49000 (5%)]	Train Loss: 0.266156	Val Loss: 0.702881	Val Acc: 82
Train Epoch: 70 [3840/49000 (8%)]	Train Loss: 0.309270	Val Loss: 0.758490	Val Acc: 80
Train Epoch: 70 [5120/49000 (10%)]	Train Loss: 0.267167	Val Loss: 0.682483	Val Acc: 79
Train Epoch: 70 [6400/49000 (13%)]	Train Loss: 0.332880	Val Loss: 0.780890	Val Acc: 77
Train Epoch: 70 [7680/49000 (16%)]	Train Loss: 0.464689	Val Loss: 0.719577	Val Acc: 80
Train Epoch: 70 [8960/49000 (18%)]	Train Loss: 0.346878	Val Loss: 0.720289	Val Acc: 78
Train Epoch: 70 [10240/49000 (21%)]	Train Loss: 0.276891	Val Loss: 0.659031	Val Acc: 80
Train Epoch: 70 [11520/49000 (23%)]	Train Loss: 0.241543	Val Loss: 0.705351	Val Acc: 82
Train Epoch: 70 [12800/49000 (26%)]	Train Loss: 0.182006	Val Loss: 0.672012	Val Acc: 82
Train Epoch: 70 [14080/49000 (29%)]	Train Loss: 0.244152	Val Loss: 0.611357	Val Acc: 82
Train Epoch: 70 [15360/49000 (31%)]	Train Loss: 0.348712	Val Loss: 0.624428	Val Acc: 82
Train Epoch: 70 [16640/49000 (34%)]	Train Loss: 0.162683	Val Loss: 0.680654	Val Acc: 82
Train Epoch: 70 [17920/49000 (37%)]	Train Loss: 0.244822	Val Loss: 0.622840	Val Acc: 82
Train Epoch: 70 [19200/49000 (39%)]	Train Loss: 0.273708	Val Loss: 0.704752	Val Acc: 81
Train Epoch: 70 [20480/49000 (42%)]	Train Loss: 0.254350	Val Loss: 0.626518	Val Acc: 82
Train Epoch: 70 [21760/49000 (44%)]	Train Loss: 0.336673	Val Loss: 0.766951	Val Acc: 78
Train Epoch: 70 [23040/49000 (47%)]	Train Loss: 0.296774	Val Loss: 0.668734	Val Acc: 80
Train Epoch: 70 [24320/49000 (50%)]	Train Loss: 0.332365	Val Loss: 0.656384	Val Acc: 80
Train Epoch: 70 [25600/49000 (52%)]	Train Loss: 0.390574	Val Loss: 0.777120	Val Acc: 79
Train Epoch: 70 [26880/49000 (55%)]	Train Loss: 0.253286	Val Loss: 0.726172	Val Acc: 80
Train Epoch: 70 [28160/49000 (57%)]	Train Loss: 0.380582	Val Loss: 0.661946	Val Acc: 79
Train Epoch: 70 [29440/49000 (60%)]	Train Loss: 0.272698	Val Loss: 0.740395	Val Acc: 79
Train Epoch: 70 [30720/49000 (63%)]	Train Loss: 0.255897	Val Loss: 0.625167	Val Acc: 81
Train Epoch: 70 [32000/49000 (65%)]	Train Loss: 0.425025	Val Loss: 0.609278	Val Acc: 83
Train Epoch: 70 [33280/49000 (68%)]	Train Loss: 0.319560	Val Loss: 0.684912	Val Acc: 81
Train Epoch: 70 [34560/49000 (70%)]	Train Loss: 0.313164	Val Loss: 0.704729	Val Acc: 80
Train Epoch: 70 [35840/49000 (73%)]	Train Loss: 0.306497	Val Loss: 0.590504	Val Acc: 82
Train Epoch: 70 [37120/49000 (76%)]	Train Loss: 0.237083	Val Loss: 0.681755	Val Acc: 80
Train Epoch: 70 [38400/49000 (78%)]	Train Loss: 0.145263	Val Loss: 0.691886	Val Acc: 81
Train Epoch: 70 [39680/49000 (81%)]	Train Loss: 0.210970	Val Loss: 0.679968	Val Acc: 79
Train Epoch: 70 [40960/49000 (84%)]	Train Loss: 0.222962	Val Loss: 0.715335	Val Acc: 79
Train Epoch: 70 [42240/49000 (86%)]	Train Loss: 0.319844	Val Loss: 0.682797	Val Acc: 78
Train Epoch: 70 [43520/49000 (89%)]	Train Loss: 0.359074	Val Loss: 0.691758	Val Acc: 80
Train Epoch: 70 [44800/49000 (91%)]	Train Loss: 0.330251	Val Loss: 0.653257	Val Acc: 81
Train Epoch: 70 [46080/49000 (94%)]	Train Loss: 0.270999	Val Loss: 0.709405	Val Acc: 79
Train Epoch: 70 [47360/49000 (97%)]	Train Loss: 0.301218	Val Loss: 0.633098	Val Acc: 81
Train Epoch: 70 [48640/49000 (99%)]	Train Loss: 0.235941	Val Loss: 0.570619	Val Acc: 83
model saved, accuracy is 83.000000

test set: Average loss: 0.6084, Accuracy: 8142/10000 (81%)

